TN:
SF:src\application\calculationService.ts
FN:11,runFormula
FNF:1
FNH:0
FNDA:0,runFormula
DA:11,0
DA:12,0
DA:14,0
LF:3
LH:0
BRF:0
BRH:0
end_of_record
TN:
SF:src\commands\categoryCommand.ts
FN:10,parseNumbers
FN:11,(anonymous_1)
FN:14,assertValidNumbers
FN:15,(anonymous_3)
FN:20,registerCategoryCommand
FN:30,(anonymous_5)
FN:31,(anonymous_6)
FN:38,(anonymous_7)
FN:40,(anonymous_8)
FNF:9
FNH:0
FNDA:0,parseNumbers
FNDA:0,(anonymous_1)
FNDA:0,assertValidNumbers
FNDA:0,(anonymous_3)
FNDA:0,registerCategoryCommand
FNDA:0,(anonymous_5)
FNDA:0,(anonymous_6)
FNDA:0,(anonymous_7)
FNDA:0,(anonymous_8)
DA:3,0
DA:7,0
DA:8,0
DA:11,0
DA:15,0
DA:16,0
DA:20,0
DA:26,0
DA:28,0
DA:30,0
DA:31,0
DA:33,0
DA:39,0
DA:40,0
DA:41,0
DA:43,0
DA:45,0
DA:47,0
LF:18
LH:0
BRDA:15,0,0,0
BRF:1
BRH:0
end_of_record
TN:
SF:src\commands\finance.ts
FN:9,registerFinanceCommands
FN:23,(anonymous_2)
FN:26,(anonymous_3)
FNF:3
FNH:0
FNDA:0,registerFinanceCommands
FNDA:0,(anonymous_2)
FNDA:0,(anonymous_3)
DA:5,0
DA:6,0
DA:7,0
DA:9,0
DA:15,0
DA:17,0
DA:24,0
DA:25,0
DA:26,0
DA:28,0
DA:29,0
DA:30,0
DA:33,0
DA:35,0
DA:36,0
DA:38,0
DA:39,0
DA:42,0
DA:44,0
DA:45,0
DA:47,0
DA:48,0
LF:22
LH:0
BRDA:28,0,0,0
BRDA:28,1,0,0
BRDA:28,1,1,0
BRDA:28,1,2,0
BRDA:35,2,0,0
BRDA:35,2,1,0
BRDA:44,3,0,0
BRDA:47,4,0,0
BRF:8
BRH:0
end_of_record
TN:
SF:src\commands\interactive.ts
FN:4,registerInteractiveCommand
FN:9,(anonymous_1)
FNF:2
FNH:0
FNDA:0,registerInteractiveCommand
FNDA:0,(anonymous_1)
DA:2,0
DA:4,0
DA:5,0
DA:10,0
DA:11,0
LF:5
LH:0
BRF:0
BRH:0
end_of_record
TN:
SF:src\commands\macroeconomics.ts
FN:9,registerMacroeconomicsCommands
FN:23,(anonymous_2)
FNF:2
FNH:0
FNDA:0,registerMacroeconomicsCommands
FNDA:0,(anonymous_2)
DA:5,0
DA:6,0
DA:7,0
DA:9,0
DA:15,0
DA:17,0
DA:24,0
DA:25,0
DA:26,0
DA:27,0
DA:28,0
DA:30,0
DA:31,0
DA:32,0
DA:35,0
DA:37,0
DA:38,0
DA:40,0
DA:41,0
DA:44,0
DA:46,0
DA:47,0
DA:49,0
DA:50,0
LF:24
LH:0
BRDA:30,0,0,0
BRDA:30,1,0,0
BRDA:30,1,1,0
BRDA:30,1,2,0
BRDA:30,1,3,0
BRDA:30,1,4,0
BRDA:37,2,0,0
BRDA:37,2,1,0
BRDA:46,3,0,0
BRDA:49,4,0,0
BRF:10
BRH:0
end_of_record
TN:
SF:src\commands\microeconomics.ts
FN:9,registerMicroeconomicsCommands
FN:23,(anonymous_2)
FNF:2
FNH:0
FNDA:0,registerMicroeconomicsCommands
FNDA:0,(anonymous_2)
DA:5,0
DA:6,0
DA:7,0
DA:9,0
DA:15,0
DA:17,0
DA:24,0
DA:25,0
DA:26,0
DA:27,0
DA:29,0
DA:30,0
DA:31,0
DA:34,0
DA:36,0
DA:37,0
DA:39,0
DA:40,0
DA:43,0
DA:45,0
DA:46,0
DA:48,0
DA:49,0
LF:23
LH:0
BRDA:29,0,0,0
BRDA:29,1,0,0
BRDA:29,1,1,0
BRDA:29,1,2,0
BRDA:29,1,3,0
BRDA:36,2,0,0
BRDA:36,2,1,0
BRDA:45,3,0,0
BRDA:48,4,0,0
BRF:9
BRH:0
end_of_record
TN:
SF:src\commands\registerCommands.ts
FN:11,registerCommands
FNF:1
FNH:0
FNDA:0,registerCommands
DA:6,0
DA:7,0
DA:8,0
DA:9,0
DA:11,0
DA:17,0
DA:18,0
DA:19,0
DA:20,0
LF:9
LH:0
BRF:0
BRH:0
end_of_record
TN:
SF:src\core\registry.ts
FN:3,(anonymous_0)
FN:6,(anonymous_1)
FN:10,(anonymous_2)
FN:14,(anonymous_3)
FN:18,(anonymous_4)
FN:19,(anonymous_5)
FNF:6
FNH:0
FNDA:0,(anonymous_0)
FNDA:0,(anonymous_1)
FNDA:0,(anonymous_2)
FNDA:0,(anonymous_3)
FNDA:0,(anonymous_4)
FNDA:0,(anonymous_5)
DA:3,0
DA:4,0
DA:7,0
DA:11,0
DA:15,0
DA:19,0
LF:6
LH:0
BRF:0
BRH:0
end_of_record
TN:
SF:src\engines\asciiGraphEngine.ts
FN:7,(anonymous_9)
FN:8,(anonymous_10)
FN:13,(anonymous_11)
FNF:3
FNH:0
FNDA:0,(anonymous_9)
FNDA:0,(anonymous_10)
FNDA:0,(anonymous_11)
DA:1,0
DA:6,0
DA:8,0
DA:9,0
DA:13,0
DA:15,0
LF:6
LH:0
BRDA:9,0,0,0
BRDA:9,0,1,0
BRF:2
BRH:0
end_of_record
TN:
SF:src\formulas\index.ts
FN:9,(anonymous_4)
FNF:1
FNH:0
FNDA:0,(anonymous_4)
DA:1,0
DA:2,0
DA:5,0
DA:6,0
DA:7,0
DA:9,0
DA:10,0
DA:11,0
LF:8
LH:0
BRF:0
BRH:0
end_of_record
TN:
SF:src\formulas\finance\npv.ts
FN:3,calculateNpv
FN:4,(anonymous_1)
FN:23,(anonymous_2)
FN:27,(anonymous_3)
FN:30,(anonymous_4)
FN:48,(anonymous_5)
FN:51,(anonymous_6)
FN:58,(anonymous_7)
FNF:8
FNH:0
FNDA:0,calculateNpv
FNDA:0,(anonymous_1)
FNDA:0,(anonymous_2)
FNDA:0,(anonymous_3)
FNDA:0,(anonymous_4)
FNDA:0,(anonymous_5)
FNDA:0,(anonymous_6)
FNDA:0,(anonymous_7)
DA:4,0
DA:5,0
DA:9,0
DA:24,0
DA:25,0
DA:28,0
DA:29,0
DA:30,0
DA:33,0
DA:49,0
DA:50,0
DA:51,0
DA:53,0
DA:58,0
LF:14
LH:0
BRF:0
BRH:0
end_of_record
TN:
SF:src\formulas\macroeconomics\gdp.ts
FN:14,(anonymous_0)
FN:18,(anonymous_1)
FN:35,(anonymous_2)
FNF:3
FNH:0
FNDA:0,(anonymous_0)
FNDA:0,(anonymous_1)
FNDA:0,(anonymous_2)
DA:3,0
DA:15,0
DA:16,0
DA:19,0
DA:20,0
DA:36,0
DA:37,0
LF:7
LH:0
BRF:0
BRH:0
end_of_record
TN:
SF:src\formulas\microeconomics\elasticity.ts
FN:20,(anonymous_0)
FN:24,(anonymous_1)
FN:41,(anonymous_2)
FNF:3
FNH:0
FNDA:0,(anonymous_0)
FNDA:0,(anonymous_1)
FNDA:0,(anonymous_2)
DA:3,0
DA:21,0
DA:22,0
DA:25,0
DA:26,0
DA:42,0
DA:43,0
LF:7
LH:0
BRF:0
BRH:0
end_of_record
TN:
SF:src\registry\defaultRegistry.ts
FN:6,createDefaultRegistry
FNF:1
FNH:0
FNDA:0,createDefaultRegistry
DA:1,0
DA:2,0
DA:3,0
DA:4,0
DA:6,0
DA:7,0
DA:9,0
DA:10,0
DA:11,0
DA:13,0
LF:10
LH:0
BRF:0
BRH:0
end_of_record
TN:
SF:src\renderers\banner.ts
FN:7,renderBanner
FNF:1
FNH:0
FNDA:0,renderBanner
DA:1,0
DA:2,0
DA:3,0
DA:5,0
DA:7,0
DA:8,0
DA:12,0
DA:13,0
LF:8
LH:0
BRF:0
BRH:0
end_of_record
TN:
SF:src\renderers\colors.ts
FN:4,(anonymous_1)
FN:5,(anonymous_2)
FN:6,(anonymous_3)
FN:7,(anonymous_4)
FN:8,(anonymous_5)
FNF:5
FNH:0
FNDA:0,(anonymous_1)
FNDA:0,(anonymous_2)
FNDA:0,(anonymous_3)
FNDA:0,(anonymous_4)
FNDA:0,(anonymous_5)
DA:1,0
DA:3,0
DA:4,0
DA:5,0
DA:6,0
DA:7,0
DA:8,0
LF:7
LH:0
BRF:0
BRH:0
end_of_record
TN:
SF:src\renderers\explanationRenderer.ts
FN:4,renderExplanation
FNF:1
FNH:0
FNDA:0,renderExplanation
DA:2,0
DA:4,0
DA:5,0
DA:7,0
DA:8,0
LF:5
LH:0
BRF:0
BRH:0
end_of_record
TN:
SF:src\renderers\helpRenderer.ts
FN:7,renderCategoryHelp
FN:14,(anonymous_2)
FN:21,renderGlobalHelp
FN:23,(anonymous_4)
FN:34,(anonymous_5)
FN:35,(anonymous_6)
FNF:6
FNH:0
FNDA:0,renderCategoryHelp
FNDA:0,(anonymous_2)
FNDA:0,renderGlobalHelp
FNDA:0,(anonymous_4)
FNDA:0,(anonymous_5)
FNDA:0,(anonymous_6)
DA:1,0
DA:5,0
DA:7,0
DA:8,0
DA:10,0
DA:14,0
DA:15,0
DA:18,0
DA:21,0
DA:22,0
DA:24,0
DA:25,0
DA:34,0
DA:35,0
DA:36,0
DA:39,0
LF:16
LH:0
BRDA:36,0,0,0
BRDA:36,0,1,0
BRF:2
BRH:0
end_of_record
TN:
SF:src\renderers\resultRenderer.ts
FN:11,renderResult
FNF:1
FNH:0
FNDA:0,renderResult
DA:3,0
DA:4,0
DA:11,0
DA:12,0
DA:14,0
DA:15,0
DA:18,0
DA:19,0
DA:20,0
LF:9
LH:0
BRDA:14,0,0,0
BRDA:18,1,0,0
BRDA:18,2,0,0
BRDA:18,2,1,0
BRF:4
BRH:0
end_of_record
TN:
SF:src\types\asciichart.d.ts
FNF:0
FNH:0
LF:0
LH:0
BRF:0
BRH:0
end_of_record
TN:
SF:src\types\blessed-contrib.d.ts
FNF:0
FNH:0
LF:0
LH:0
BRF:0
BRH:0
end_of_record
